{"numTotalTestSuites":16,"numPassedTestSuites":16,"numFailedTestSuites":0,"numPendingTestSuites":0,"numTotalTests":101,"numPassedTests":101,"numFailedTests":0,"numPendingTests":0,"numTodoTests":0,"snapshot":{"added":0,"failure":false,"filesAdded":0,"filesRemoved":0,"filesRemovedList":[],"filesUnmatched":0,"filesUpdated":0,"matched":0,"total":0,"unchecked":0,"uncheckedKeysByFile":[],"unmatched":0,"updated":0,"didUpdate":false},"startTime":1764848462964,"success":true,"testResults":[{"assertionResults":[{"ancestorTitles":["felteBinder"],"fullName":"felteBinder retorna {} quando válido","status":"passed","title":"retorna {} quando válido","duration":2.797083999999984,"failureMessages":[],"meta":{}},{"ancestorTitles":["felteBinder"],"fullName":"felteBinder estrutura hierárquica","status":"passed","title":"estrutura hierárquica","duration":1.4624160000000188,"failureMessages":[],"meta":{}},{"ancestorTitles":["felteBinder"],"fullName":"felteBinder handles simple field errors","status":"passed","title":"handles simple field errors","duration":0.264583000000016,"failureMessages":[],"meta":{}},{"ancestorTitles":["felteBinder"],"fullName":"felteBinder preserves nested object structure","status":"passed","title":"preserves nested object structure","duration":0.12445800000000418,"failureMessages":[],"meta":{}},{"ancestorTitles":["felteBinder"],"fullName":"felteBinder handles array errors with hierarchical structure","status":"passed","title":"handles array errors with hierarchical structure","duration":0.25729200000000674,"failureMessages":[],"meta":{}},{"ancestorTitles":["felteBinder"],"fullName":"felteBinder handles complex array of objects","status":"passed","title":"handles complex array of objects","duration":0.21637500000002774,"failureMessages":[],"meta":{}},{"ancestorTitles":["felteBinder"],"fullName":"felteBinder handles deeply nested structures","status":"passed","title":"handles deeply nested structures","duration":0.14220899999997982,"failureMessages":[],"meta":{}},{"ancestorTitles":["felteBinder"],"fullName":"felteBinder handles empty input","status":"passed","title":"handles empty input","duration":0.077541999999994,"failureMessages":[],"meta":{}},{"ancestorTitles":["felteBinder"],"fullName":"felteBinder handles null/undefined input","status":"passed","title":"handles null/undefined input","duration":0.07654199999996081,"failureMessages":[],"meta":{}},{"ancestorTitles":["felteBinder"],"fullName":"felteBinder returns first error message from multiple validations","status":"passed","title":"returns first error message from multiple validations","duration":0.25824999999997544,"failureMessages":[],"meta":{}}],"startTime":1764848463377,"endTime":1764848463383.2583,"status":"passed","message":"","name":"/Users/evandro/Programação/JS/FormaJS/packages/bind/test/felte.test.js"},{"assertionResults":[{"ancestorTitles":["formikBinder"],"fullName":"formikBinder retorna objeto vazio quando válido","status":"passed","title":"retorna objeto vazio quando válido","duration":1.3806670000000167,"failureMessages":[],"meta":{}},{"ancestorTitles":["formikBinder"],"fullName":"formikBinder retorna mensagem simples para campo inválido","status":"passed","title":"retorna mensagem simples para campo inválido","duration":0.3605000000000018,"failureMessages":[],"meta":{}},{"ancestorTitles":["formikBinder"],"fullName":"formikBinder estrutura aninhada preservada","status":"passed","title":"estrutura aninhada preservada","duration":0.485541000000012,"failureMessages":[],"meta":{}},{"ancestorTitles":["formikBinder"],"fullName":"formikBinder lança ValidationError quando throwOnError=true","status":"passed","title":"lança ValidationError quando throwOnError=true","duration":0.18583300000000236,"failureMessages":[],"meta":{}},{"ancestorTitles":["formikBinder"],"fullName":"formikBinder handles empty input gracefully","status":"passed","title":"handles empty input gracefully","duration":0.08224999999998772,"failureMessages":[],"meta":{}},{"ancestorTitles":["formikBinder"],"fullName":"formikBinder handles null/undefined input","status":"passed","title":"handles null/undefined input","duration":0.07637500000004138,"failureMessages":[],"meta":{}},{"ancestorTitles":["formikBinder"],"fullName":"formikBinder preserves valid nested values when some fields invalid","status":"passed","title":"preserves valid nested values when some fields invalid","duration":0.14391599999999016,"failureMessages":[],"meta":{}},{"ancestorTitles":["formikBinder"],"fullName":"formikBinder handles complex array structures","status":"passed","title":"handles complex array structures","duration":0.23824999999999363,"failureMessages":[],"meta":{}},{"ancestorTitles":["formikBinder"],"fullName":"formikBinder handles deeply nested structures","status":"passed","title":"handles deeply nested structures","duration":0.14733300000000327,"failureMessages":[],"meta":{}},{"ancestorTitles":["formikBinder"],"fullName":"formikBinder returns first error message from multiple errors","status":"passed","title":"returns first error message from multiple errors","duration":0.2696669999999699,"failureMessages":[],"meta":{}},{"ancestorTitles":["formikBinder"],"fullName":"formikBinder handles ValidationError with correct structure","status":"passed","title":"handles ValidationError with correct structure","duration":0.13504199999999855,"failureMessages":[],"meta":{}},{"ancestorTitles":["formikBinder"],"fullName":"formikBinder works without throwOnError option","status":"passed","title":"works without throwOnError option","duration":0.10154199999999491,"failureMessages":[],"meta":{}},{"ancestorTitles":["formikBinder"],"fullName":"formikBinder handles schema with formatters","status":"passed","title":"handles schema with formatters","duration":0.12391700000000583,"failureMessages":[],"meta":{}}],"startTime":1764848463376,"endTime":1764848463380.135,"status":"passed","message":"","name":"/Users/evandro/Programação/JS/FormaJS/packages/bind/test/formik.test.js"},{"assertionResults":[{"ancestorTitles":["mantineBinder"],"fullName":"mantineBinder retorna {} quando válido","status":"passed","title":"retorna {} quando válido","duration":1.396915999999976,"failureMessages":[],"meta":{}},{"ancestorTitles":["mantineBinder"],"fullName":"mantineBinder estrutura hierárquica","status":"passed","title":"estrutura hierárquica","duration":0.49374999999997726,"failureMessages":[],"meta":{}},{"ancestorTitles":["mantineBinder"],"fullName":"mantineBinder handles simple field errors","status":"passed","title":"handles simple field errors","duration":0.1947499999999991,"failureMessages":[],"meta":{}},{"ancestorTitles":["mantineBinder"],"fullName":"mantineBinder preserves nested object structure","status":"passed","title":"preserves nested object structure","duration":0.6478329999999914,"failureMessages":[],"meta":{}},{"ancestorTitles":["mantineBinder"],"fullName":"mantineBinder handles array errors with hierarchical structure","status":"passed","title":"handles array errors with hierarchical structure","duration":0.2618330000000242,"failureMessages":[],"meta":{}},{"ancestorTitles":["mantineBinder"],"fullName":"mantineBinder handles complex array of objects","status":"passed","title":"handles complex array of objects","duration":0.20837499999998954,"failureMessages":[],"meta":{}},{"ancestorTitles":["mantineBinder"],"fullName":"mantineBinder handles deeply nested structures","status":"passed","title":"handles deeply nested structures","duration":0.133624999999995,"failureMessages":[],"meta":{}},{"ancestorTitles":["mantineBinder"],"fullName":"mantineBinder handles empty input","status":"passed","title":"handles empty input","duration":0.07987500000001546,"failureMessages":[],"meta":{}},{"ancestorTitles":["mantineBinder"],"fullName":"mantineBinder handles null/undefined input","status":"passed","title":"handles null/undefined input","duration":0.07675000000000409,"failureMessages":[],"meta":{}},{"ancestorTitles":["mantineBinder"],"fullName":"mantineBinder returns first error message from multiple validations","status":"passed","title":"returns first error message from multiple validations","duration":0.3393339999999512,"failureMessages":[],"meta":{}}],"startTime":1764848463380,"endTime":1764848463383.3394,"status":"passed","message":"","name":"/Users/evandro/Programação/JS/FormaJS/packages/bind/test/mantine.test.js"},{"assertionResults":[{"ancestorTitles":["rhfBinder"],"fullName":"rhfBinder retorna values sanitizados quando válido","status":"passed","title":"retorna values sanitizados quando válido","duration":1.493832999999995,"failureMessages":[],"meta":{}},{"ancestorTitles":["rhfBinder"],"fullName":"rhfBinder achata erros simples","status":"passed","title":"achata erros simples","duration":0.4018750000000182,"failureMessages":[],"meta":{}},{"ancestorTitles":["rhfBinder"],"fullName":"rhfBinder achata erros aninhados e de array","status":"passed","title":"achata erros aninhados e de array","duration":0.5078330000000051,"failureMessages":[],"meta":{}},{"ancestorTitles":["rhfBinder"],"fullName":"rhfBinder throws error for invalid schema","status":"passed","title":"throws error for invalid schema","duration":0.5596249999999827,"failureMessages":[],"meta":{}},{"ancestorTitles":["rhfBinder"],"fullName":"rhfBinder handles empty object input","status":"passed","title":"handles empty object input","duration":0.1109159999999747,"failureMessages":[],"meta":{}},{"ancestorTitles":["rhfBinder"],"fullName":"rhfBinder handles null/undefined input","status":"passed","title":"handles null/undefined input","duration":0.0887920000000122,"failureMessages":[],"meta":{}},{"ancestorTitles":["rhfBinder"],"fullName":"rhfBinder preserves valid values when some fields are invalid","status":"passed","title":"preserves valid values when some fields are invalid","duration":0.2555839999999989,"failureMessages":[],"meta":{}},{"ancestorTitles":["rhfBinder"],"fullName":"rhfBinder handles complex array of objects","status":"passed","title":"handles complex array of objects","duration":0.8170000000000073,"failureMessages":[],"meta":{}},{"ancestorTitles":["rhfBinder"],"fullName":"rhfBinder handles deeply nested structures","status":"passed","title":"handles deeply nested structures","duration":0.1323749999999677,"failureMessages":[],"meta":{}},{"ancestorTitles":["rhfBinder"],"fullName":"rhfBinder handles multiple validation errors per field","status":"passed","title":"handles multiple validation errors per field","duration":0.22424999999998363,"failureMessages":[],"meta":{}},{"ancestorTitles":["rhfBinder"],"fullName":"rhfBinder handles schema with formatters","status":"passed","title":"handles schema with formatters","duration":0.07650000000001,"failureMessages":[],"meta":{}}],"startTime":1764848463378,"endTime":1764848463382.2244,"status":"passed","message":"","name":"/Users/evandro/Programação/JS/FormaJS/packages/bind/test/rhf.test.js"},{"assertionResults":[{"ancestorTitles":["tanstackBinder"],"fullName":"tanstackBinder retorna {} quando válido","status":"passed","title":"retorna {} quando válido","duration":2.5024999999999977,"failureMessages":[],"meta":{}},{"ancestorTitles":["tanstackBinder"],"fullName":"tanstackBinder retorna mensagens achatadas","status":"passed","title":"retorna mensagens achatadas","duration":1.3336249999999836,"failureMessages":[],"meta":{}},{"ancestorTitles":["tanstackBinder"],"fullName":"tanstackBinder handles simple field errors","status":"passed","title":"handles simple field errors","duration":0.6569999999999823,"failureMessages":[],"meta":{}},{"ancestorTitles":["tanstackBinder"],"fullName":"tanstackBinder handles deeply nested structures","status":"passed","title":"handles deeply nested structures","duration":0.7288749999999595,"failureMessages":[],"meta":{}},{"ancestorTitles":["tanstackBinder"],"fullName":"tanstackBinder handles array errors","status":"passed","title":"handles array errors","duration":0.323332999999991,"failureMessages":[],"meta":{}},{"ancestorTitles":["tanstackBinder"],"fullName":"tanstackBinder handles complex array of objects","status":"passed","title":"handles complex array of objects","duration":0.5239169999999831,"failureMessages":[],"meta":{}},{"ancestorTitles":["tanstackBinder"],"fullName":"tanstackBinder handles empty input","status":"passed","title":"handles empty input","duration":0.2660830000000374,"failureMessages":[],"meta":{}},{"ancestorTitles":["tanstackBinder"],"fullName":"tanstackBinder handles null/undefined input","status":"passed","title":"handles null/undefined input","duration":0.21954099999999244,"failureMessages":[],"meta":{}},{"ancestorTitles":["tanstackBinder"],"fullName":"tanstackBinder returns first error message from multiple validations","status":"passed","title":"returns first error message from multiple validations","duration":0.512457999999981,"failureMessages":[],"meta":{}}],"startTime":1764848463377,"endTime":1764848463383.5125,"status":"passed","message":"","name":"/Users/evandro/Programação/JS/FormaJS/packages/bind/test/tanstack.test.js"},{"assertionResults":[{"ancestorTitles":["flattenMoldErrorsToRHF"],"fullName":"flattenMoldErrorsToRHF returns empty object for null/undefined input","status":"passed","title":"returns empty object for null/undefined input","duration":1.0733749999999986,"failureMessages":[],"meta":{}},{"ancestorTitles":["flattenMoldErrorsToRHF"],"fullName":"flattenMoldErrorsToRHF handles simple field errors","status":"passed","title":"handles simple field errors","duration":0.2006669999999957,"failureMessages":[],"meta":{}},{"ancestorTitles":["flattenMoldErrorsToRHF"],"fullName":"flattenMoldErrorsToRHF handles nested object errors","status":"passed","title":"handles nested object errors","duration":0.07329099999999755,"failureMessages":[],"meta":{}},{"ancestorTitles":["flattenMoldErrorsToRHF"],"fullName":"flattenMoldErrorsToRHF handles array errors with items property","status":"passed","title":"handles array errors with items property","duration":0.0800000000000125,"failureMessages":[],"meta":{}},{"ancestorTitles":["flattenMoldErrorsToRHF"],"fullName":"flattenMoldErrorsToRHF handles array of objects with nested errors","status":"passed","title":"handles array of objects with nested errors","duration":0.06741600000000858,"failureMessages":[],"meta":{}},{"ancestorTitles":["flattenMoldErrorsToRHF"],"fullName":"flattenMoldErrorsToRHF handles mixed array structure with direct errors and items","status":"passed","title":"handles mixed array structure with direct errors and items","duration":0.05962500000001114,"failureMessages":[],"meta":{}},{"ancestorTitles":["flattenMoldErrorsToRHF"],"fullName":"flattenMoldErrorsToRHF handles empty arrays with items","status":"passed","title":"handles empty arrays with items","duration":0.05274999999998897,"failureMessages":[],"meta":{}},{"ancestorTitles":["flattenMoldErrorsToRHF"],"fullName":"flattenMoldErrorsToRHF handles ObjectSchema wrapper in arrays","status":"passed","title":"handles ObjectSchema wrapper in arrays","duration":0.06304099999999835,"failureMessages":[],"meta":{}},{"ancestorTitles":["flattenMoldErrorsToRHF"],"fullName":"flattenMoldErrorsToRHF ignores non-error objects in arrays","status":"passed","title":"ignores non-error objects in arrays","duration":0.06341600000000369,"failureMessages":[],"meta":{}},{"ancestorTitles":["transformMoldErrorsToFormik"],"fullName":"transformMoldErrorsToFormik returns empty object for null/undefined input","status":"passed","title":"returns empty object for null/undefined input","duration":0.11804100000000517,"failureMessages":[],"meta":{}},{"ancestorTitles":["transformMoldErrorsToFormik"],"fullName":"transformMoldErrorsToFormik converts simple field errors to strings","status":"passed","title":"converts simple field errors to strings","duration":0.10720799999999997,"failureMessages":[],"meta":{}},{"ancestorTitles":["transformMoldErrorsToFormik"],"fullName":"transformMoldErrorsToFormik preserves nested object structure","status":"passed","title":"preserves nested object structure","duration":0.059583000000003494,"failureMessages":[],"meta":{}},{"ancestorTitles":["transformMoldErrorsToFormik"],"fullName":"transformMoldErrorsToFormik handles array items as indexed objects","status":"passed","title":"handles array items as indexed objects","duration":0.05995800000000884,"failureMessages":[],"meta":{}},{"ancestorTitles":["transformMoldErrorsToFormik"],"fullName":"transformMoldErrorsToFormik handles ObjectSchema wrapper in arrays","status":"passed","title":"handles ObjectSchema wrapper in arrays","duration":0.06187500000000057,"failureMessages":[],"meta":{}},{"ancestorTitles":["transformMoldErrorsToFormik"],"fullName":"transformMoldErrorsToFormik handles mixed array structure","status":"passed","title":"handles mixed array structure","duration":0.04908299999999599,"failureMessages":[],"meta":{}},{"ancestorTitles":["transformMoldErrorsToFormik"],"fullName":"transformMoldErrorsToFormik returns first error message from array of errors","status":"passed","title":"returns first error message from array of errors","duration":0.0488330000000019,"failureMessages":[],"meta":{}},{"ancestorTitles":["transformMoldErrorsToFormik"],"fullName":"transformMoldErrorsToFormik ignores empty arrays without items","status":"passed","title":"ignores empty arrays without items","duration":0.055374999999997954,"failureMessages":[],"meta":{}},{"ancestorTitles":["transformMoldErrorsToFormik"],"fullName":"transformMoldErrorsToFormik handles empty array with items property in flattenMoldErrorsToRHF","status":"passed","title":"handles empty array with items property in flattenMoldErrorsToRHF","duration":0.04599999999999227,"failureMessages":[],"meta":{}},{"ancestorTitles":["transformMoldErrorsToFormik"],"fullName":"transformMoldErrorsToFormik handles array with mixed error objects and nested objects","status":"passed","title":"handles array with mixed error objects and nested objects","duration":0.05270900000000722,"failureMessages":[],"meta":{}},{"ancestorTitles":["transformMoldErrorsToFormik"],"fullName":"transformMoldErrorsToFormik handles empty array with items in transformMoldErrorsToFormik","status":"passed","title":"handles empty array with items in transformMoldErrorsToFormik","duration":0.08679100000000517,"failureMessages":[],"meta":{}},{"ancestorTitles":["transformMoldErrorsToFormik"],"fullName":"transformMoldErrorsToFormik handles array with only base messages in transformMoldErrorsToFormik","status":"passed","title":"handles array with only base messages in transformMoldErrorsToFormik","duration":0.06695900000001132,"failureMessages":[],"meta":{}},{"ancestorTitles":["transformMoldErrorsToFormik"],"fullName":"transformMoldErrorsToFormik handles empty array in walk function","status":"passed","title":"handles empty array in walk function","duration":0.041667000000003895,"failureMessages":[],"meta":{}},{"ancestorTitles":["transformMoldErrorsToFormik"],"fullName":"transformMoldErrorsToFormik handles array with nested objects in loop","status":"passed","title":"handles array with nested objects in loop","duration":0.04258300000000759,"failureMessages":[],"meta":{}},{"ancestorTitles":["transformMoldErrorsToFormik"],"fullName":"transformMoldErrorsToFormik handles empty array in convert function","status":"passed","title":"handles empty array in convert function","duration":0.032875000000004206,"failureMessages":[],"meta":{}},{"ancestorTitles":["transformMoldErrorsToFormik"],"fullName":"transformMoldErrorsToFormik handles array with object wrapper in convert function","status":"passed","title":"handles array with object wrapper in convert function","duration":0.04137500000000216,"failureMessages":[],"meta":{}},{"ancestorTitles":["transformMoldErrorsToFormik"],"fullName":"transformMoldErrorsToFormik covers array loop with non-error objects in walk function","status":"passed","title":"covers array loop with non-error objects in walk function","duration":0.04683400000000404,"failureMessages":[],"meta":{}},{"ancestorTitles":["transformMoldErrorsToFormik"],"fullName":"transformMoldErrorsToFormik covers array with base messages and items in convert function","status":"passed","title":"covers array with base messages and items in convert function","duration":0.040625000000005684,"failureMessages":[],"meta":{}},{"ancestorTitles":["transformMoldErrorsToFormik"],"fullName":"transformMoldErrorsToFormik covers for loop in walk function with mixed array elements","status":"passed","title":"covers for loop in walk function with mixed array elements","duration":0.04445800000000588,"failureMessages":[],"meta":{}},{"ancestorTitles":["transformMoldErrorsToFormik"],"fullName":"transformMoldErrorsToFormik covers empty array with items in convert returning items object","status":"passed","title":"covers empty array with items in convert returning items object","duration":0.0519170000000031,"failureMessages":[],"meta":{}},{"ancestorTitles":["transformMoldErrorsToFormik"],"fullName":"transformMoldErrorsToFormik covers empty array in nested structure for walk function","status":"passed","title":"covers empty array in nested structure for walk function","duration":0.03420900000000415,"failureMessages":[],"meta":{}},{"ancestorTitles":["transformMoldErrorsToFormik"],"fullName":"transformMoldErrorsToFormik covers empty array in convert function with items","status":"passed","title":"covers empty array in convert function with items","duration":0.03216600000000369,"failureMessages":[],"meta":{}},{"ancestorTitles":["transformMoldErrorsToFormik"],"fullName":"transformMoldErrorsToFormik covers return outArr in convert function","status":"passed","title":"covers return outArr in convert function","duration":0.03545799999999133,"failureMessages":[],"meta":{}},{"ancestorTitles":["transformMoldErrorsToFormik"],"fullName":"transformMoldErrorsToFormik forces for loop execution in walk function","status":"passed","title":"forces for loop execution in walk function","duration":0.0420830000000052,"failureMessages":[],"meta":{}},{"ancestorTitles":["transformMoldErrorsToFormik"],"fullName":"transformMoldErrorsToFormik covers array empty check in convert with items","status":"passed","title":"covers array empty check in convert with items","duration":0.030208999999999264,"failureMessages":[],"meta":{}},{"ancestorTitles":["transformMoldErrorsToFormik"],"fullName":"transformMoldErrorsToFormik covers object wrapper condition in convert","status":"passed","title":"covers object wrapper condition in convert","duration":0.0418329999999969,"failureMessages":[],"meta":{}},{"ancestorTitles":["transformMoldErrorsToFormik"],"fullName":"transformMoldErrorsToFormik forces for loop execution with non-error first element","status":"passed","title":"forces for loop execution with non-error first element","duration":0.044708999999997445,"failureMessages":[],"meta":{}},{"ancestorTitles":["transformMoldErrorsToFormik"],"fullName":"transformMoldErrorsToFormik covers complex array processing in walk function","status":"passed","title":"covers complex array processing in walk function","duration":0.05258299999999849,"failureMessages":[],"meta":{}},{"ancestorTitles":["transformMoldErrorsToFormik"],"fullName":"transformMoldErrorsToFormik handles complex nested structures","status":"passed","title":"handles complex nested structures","duration":0.07579200000000696,"failureMessages":[],"meta":{}},{"ancestorTitles":["ValidationError"],"fullName":"ValidationError creates error with correct properties","status":"passed","title":"creates error with correct properties","duration":0.1893750000000125,"failureMessages":[],"meta":{}}],"startTime":1764848463114,"endTime":1764848463117.1895,"status":"passed","message":"","name":"/Users/evandro/Programação/JS/FormaJS/packages/bind/test/utils.test.js"},{"assertionResults":[{"ancestorTitles":["veeBinder"],"fullName":"veeBinder retorna objeto vazio quando válido","status":"passed","title":"retorna objeto vazio quando válido","duration":1.3746249999999804,"failureMessages":[],"meta":{}},{"ancestorTitles":["veeBinder"],"fullName":"veeBinder achatado com mensagem por path","status":"passed","title":"achatado com mensagem por path","duration":0.7740000000000009,"failureMessages":[],"meta":{}},{"ancestorTitles":["veeBinder"],"fullName":"veeBinder handles simple field errors","status":"passed","title":"handles simple field errors","duration":0.140625,"failureMessages":[],"meta":{}},{"ancestorTitles":["veeBinder"],"fullName":"veeBinder handles nested object errors","status":"passed","title":"handles nested object errors","duration":0.12195899999994708,"failureMessages":[],"meta":{}},{"ancestorTitles":["veeBinder"],"fullName":"veeBinder handles array errors","status":"passed","title":"handles array errors","duration":0.11825000000004593,"failureMessages":[],"meta":{}},{"ancestorTitles":["veeBinder"],"fullName":"veeBinder handles complex array of objects","status":"passed","title":"handles complex array of objects","duration":0.22995800000001054,"failureMessages":[],"meta":{}},{"ancestorTitles":["veeBinder"],"fullName":"veeBinder handles empty input","status":"passed","title":"handles empty input","duration":0.08491699999996172,"failureMessages":[],"meta":{}},{"ancestorTitles":["veeBinder"],"fullName":"veeBinder handles null/undefined input","status":"passed","title":"handles null/undefined input","duration":0.07454199999995126,"failureMessages":[],"meta":{}},{"ancestorTitles":["veeBinder"],"fullName":"veeBinder returns first error message from multiple validations","status":"passed","title":"returns first error message from multiple validations","duration":0.2865829999999505,"failureMessages":[],"meta":{}}],"startTime":1764848463377,"endTime":1764848463380.2866,"status":"passed","message":"","name":"/Users/evandro/Programação/JS/FormaJS/packages/bind/test/veevalidate.test.js"}],"coverageMap":{"/Users/evandro/Programação/JS/FormaJS/packages/bind/src/felte.js":{"path":"/Users/evandro/Programação/JS/FormaJS/packages/bind/src/felte.js","statementMap":{"0":{"start":{"line":10,"column":2},"end":{"line":12,"column":null}},"1":{"start":{"line":11,"column":4},"end":{"line":11,"column":null}},"2":{"start":{"line":13,"column":2},"end":{"line":17,"column":null}},"3":{"start":{"line":14,"column":19},"end":{"line":14,"column":48}},"4":{"start":{"line":15,"column":4},"end":{"line":15,"column":null}},"5":{"start":{"line":15,"column":22},"end":{"line":15,"column":null}},"6":{"start":{"line":16,"column":4},"end":{"line":16,"column":null}}},"fnMap":{"0":{"name":"felteBinder","decl":{"start":{"line":9,"column":16},"end":{"line":9,"column":27}},"loc":{"start":{"line":9,"column":36},"end":{"line":18,"column":null}},"line":9},"1":{"name":"(anonymous_1)","decl":{"start":{"line":13,"column":9},"end":{"line":13,"column":14}},"loc":{"start":{"line":13,"column":27},"end":{"line":17,"column":3}},"line":13}},"branchMap":{"0":{"loc":{"start":{"line":10,"column":2},"end":{"line":12,"column":null}},"type":"if","locations":[{"start":{"line":10,"column":2},"end":{"line":12,"column":null}},{"start":{},"end":{}}],"line":10},"1":{"loc":{"start":{"line":10,"column":6},"end":{"line":10,"column":54}},"type":"binary-expr","locations":[{"start":{"line":10,"column":6},"end":{"line":10,"column":13}},{"start":{"line":10,"column":17},"end":{"line":10,"column":54}}],"line":10},"2":{"loc":{"start":{"line":15,"column":4},"end":{"line":15,"column":null}},"type":"if","locations":[{"start":{"line":15,"column":4},"end":{"line":15,"column":null}},{"start":{},"end":{}}],"line":15}},"s":{"0":10,"1":0,"2":10,"3":11,"4":11,"5":1,"6":10},"f":{"0":10,"1":11},"b":{"0":[0,10],"1":[10,10],"2":[1,10]},"meta":{"lastBranch":3,"lastFunction":2,"lastStatement":7,"seen":{"f:9:16:9:27":0,"b:10:2:12:Infinity:undefined:undefined:undefined:undefined":0,"s:10:2:12:Infinity":0,"b:10:6:10:13:10:17:10:54":1,"s:11:4:11:Infinity":1,"s:13:2:17:Infinity":2,"f:13:9:13:14":1,"s:14:19:14:48":3,"b:15:4:15:Infinity:undefined:undefined:undefined:undefined":2,"s:15:4:15:Infinity":4,"s:15:22:15:Infinity":5,"s:16:4:16:Infinity":6}}},"/Users/evandro/Programação/JS/FormaJS/packages/bind/src/rhf.js":{"path":"/Users/evandro/Programação/JS/FormaJS/packages/bind/src/rhf.js","statementMap":{"0":{"start":{"line":11,"column":2},"end":{"line":13,"column":null}},"1":{"start":{"line":12,"column":4},"end":{"line":12,"column":null}},"2":{"start":{"line":14,"column":2},"end":{"line":21,"column":null}},"3":{"start":{"line":15,"column":19},"end":{"line":15,"column":46}},"4":{"start":{"line":16,"column":4},"end":{"line":18,"column":null}},"5":{"start":{"line":17,"column":6},"end":{"line":17,"column":null}},"6":{"start":{"line":19,"column":16},"end":{"line":19,"column":54}},"7":{"start":{"line":20,"column":4},"end":{"line":20,"column":null}}},"fnMap":{"0":{"name":"rhfBinder","decl":{"start":{"line":10,"column":16},"end":{"line":10,"column":25}},"loc":{"start":{"line":10,"column":34},"end":{"line":22,"column":null}},"line":10},"1":{"name":"(anonymous_1)","decl":{"start":{"line":14,"column":9},"end":{"line":14,"column":14}},"loc":{"start":{"line":14,"column":25},"end":{"line":21,"column":3}},"line":14}},"branchMap":{"0":{"loc":{"start":{"line":11,"column":2},"end":{"line":13,"column":null}},"type":"if","locations":[{"start":{"line":11,"column":2},"end":{"line":13,"column":null}},{"start":{},"end":{}}],"line":11},"1":{"loc":{"start":{"line":11,"column":6},"end":{"line":11,"column":54}},"type":"binary-expr","locations":[{"start":{"line":11,"column":6},"end":{"line":11,"column":13}},{"start":{"line":11,"column":17},"end":{"line":11,"column":54}}],"line":11},"2":{"loc":{"start":{"line":16,"column":4},"end":{"line":18,"column":null}},"type":"if","locations":[{"start":{"line":16,"column":4},"end":{"line":18,"column":null}},{"start":{},"end":{}}],"line":16}},"s":{"0":13,"1":3,"2":10,"3":11,"4":11,"5":2,"6":9,"7":9},"f":{"0":13,"1":11},"b":{"0":[3,10],"1":[13,12],"2":[2,9]},"meta":{"lastBranch":3,"lastFunction":2,"lastStatement":8,"seen":{"f:10:16:10:25":0,"b:11:2:13:Infinity:undefined:undefined:undefined:undefined":0,"s:11:2:13:Infinity":0,"b:11:6:11:13:11:17:11:54":1,"s:12:4:12:Infinity":1,"s:14:2:21:Infinity":2,"f:14:9:14:14":1,"s:15:19:15:46":3,"b:16:4:18:Infinity:undefined:undefined:undefined:undefined":2,"s:16:4:18:Infinity":4,"s:17:6:17:Infinity":5,"s:19:16:19:54":6,"s:20:4:20:Infinity":7}}},"/Users/evandro/Programação/JS/FormaJS/packages/bind/src/formik.js":{"path":"/Users/evandro/Programação/JS/FormaJS/packages/bind/src/formik.js","statementMap":{"0":{"start":{"line":12,"column":35},"end":{"line":12,"column":42}},"1":{"start":{"line":13,"column":2},"end":{"line":15,"column":null}},"2":{"start":{"line":14,"column":4},"end":{"line":14,"column":null}},"3":{"start":{"line":16,"column":2},"end":{"line":27,"column":null}},"4":{"start":{"line":17,"column":19},"end":{"line":17,"column":48}},"5":{"start":{"line":18,"column":4},"end":{"line":21,"column":null}},"6":{"start":{"line":20,"column":6},"end":{"line":20,"column":null}},"7":{"start":{"line":22,"column":18},"end":{"line":22,"column":61}},"8":{"start":{"line":23,"column":4},"end":{"line":25,"column":null}},"9":{"start":{"line":24,"column":6},"end":{"line":24,"column":null}},"10":{"start":{"line":26,"column":4},"end":{"line":26,"column":null}}},"fnMap":{"0":{"name":"formikBinder","decl":{"start":{"line":11,"column":16},"end":{"line":11,"column":28}},"loc":{"start":{"line":11,"column":51},"end":{"line":28,"column":null}},"line":11},"1":{"name":"(anonymous_1)","decl":{"start":{"line":16,"column":9},"end":{"line":16,"column":14}},"loc":{"start":{"line":16,"column":27},"end":{"line":27,"column":3}},"line":16}},"branchMap":{"0":{"loc":{"start":{"line":11,"column":37},"end":{"line":11,"column":49}},"type":"default-arg","locations":[{"start":{"line":11,"column":47},"end":{"line":11,"column":49}}],"line":11},"1":{"loc":{"start":{"line":12,"column":10},"end":{"line":12,"column":30}},"type":"default-arg","locations":[{"start":{"line":12,"column":25},"end":{"line":12,"column":30}}],"line":12},"2":{"loc":{"start":{"line":13,"column":2},"end":{"line":15,"column":null}},"type":"if","locations":[{"start":{"line":13,"column":2},"end":{"line":15,"column":null}},{"start":{},"end":{}}],"line":13},"3":{"loc":{"start":{"line":13,"column":6},"end":{"line":13,"column":54}},"type":"binary-expr","locations":[{"start":{"line":13,"column":6},"end":{"line":13,"column":13}},{"start":{"line":13,"column":17},"end":{"line":13,"column":54}}],"line":13},"4":{"loc":{"start":{"line":18,"column":4},"end":{"line":21,"column":null}},"type":"if","locations":[{"start":{"line":18,"column":4},"end":{"line":21,"column":null}},{"start":{},"end":{}}],"line":18},"5":{"loc":{"start":{"line":23,"column":4},"end":{"line":25,"column":null}},"type":"if","locations":[{"start":{"line":23,"column":4},"end":{"line":25,"column":null}},{"start":{},"end":{}}],"line":23}},"s":{"0":13,"1":13,"2":0,"3":13,"4":14,"5":14,"6":2,"7":12,"8":12,"9":2,"10":10},"f":{"0":13,"1":14},"b":{"0":[13],"1":[13],"2":[0,13],"3":[13,13],"4":[2,12],"5":[2,10]},"meta":{"lastBranch":6,"lastFunction":2,"lastStatement":11,"seen":{"f:11:16:11:28":0,"b:11:47:11:49":0,"s:12:35:12:42":0,"b:12:25:12:30":1,"b:13:2:15:Infinity:undefined:undefined:undefined:undefined":2,"s:13:2:15:Infinity":1,"b:13:6:13:13:13:17:13:54":3,"s:14:4:14:Infinity":2,"s:16:2:27:Infinity":3,"f:16:9:16:14":1,"s:17:19:17:48":4,"b:18:4:21:Infinity:undefined:undefined:undefined:undefined":4,"s:18:4:21:Infinity":5,"s:20:6:20:Infinity":6,"s:22:18:22:61":7,"b:23:4:25:Infinity:undefined:undefined:undefined:undefined":5,"s:23:4:25:Infinity":8,"s:24:6:24:Infinity":9,"s:26:4:26:Infinity":10}}},"/Users/evandro/Programação/JS/FormaJS/packages/bind/src/veevalidate.js":{"path":"/Users/evandro/Programação/JS/FormaJS/packages/bind/src/veevalidate.js","statementMap":{"0":{"start":{"line":12,"column":2},"end":{"line":14,"column":null}},"1":{"start":{"line":13,"column":4},"end":{"line":13,"column":null}},"2":{"start":{"line":15,"column":2},"end":{"line":24,"column":null}},"3":{"start":{"line":16,"column":19},"end":{"line":16,"column":48}},"4":{"start":{"line":17,"column":4},"end":{"line":17,"column":null}},"5":{"start":{"line":17,"column":22},"end":{"line":17,"column":null}},"6":{"start":{"line":18,"column":16},"end":{"line":18,"column":54}},"7":{"start":{"line":19,"column":16},"end":{"line":19,"column":18}},"8":{"start":{"line":20,"column":4},"end":{"line":22,"column":null}},"9":{"start":{"line":21,"column":6},"end":{"line":21,"column":null}},"10":{"start":{"line":23,"column":4},"end":{"line":23,"column":null}}},"fnMap":{"0":{"name":"veeBinder","decl":{"start":{"line":11,"column":16},"end":{"line":11,"column":25}},"loc":{"start":{"line":11,"column":34},"end":{"line":25,"column":null}},"line":11},"1":{"name":"(anonymous_1)","decl":{"start":{"line":15,"column":9},"end":{"line":15,"column":14}},"loc":{"start":{"line":15,"column":27},"end":{"line":24,"column":3}},"line":15}},"branchMap":{"0":{"loc":{"start":{"line":12,"column":2},"end":{"line":14,"column":null}},"type":"if","locations":[{"start":{"line":12,"column":2},"end":{"line":14,"column":null}},{"start":{},"end":{}}],"line":12},"1":{"loc":{"start":{"line":12,"column":6},"end":{"line":12,"column":54}},"type":"binary-expr","locations":[{"start":{"line":12,"column":6},"end":{"line":12,"column":13}},{"start":{"line":12,"column":17},"end":{"line":12,"column":54}}],"line":12},"2":{"loc":{"start":{"line":17,"column":4},"end":{"line":17,"column":null}},"type":"if","locations":[{"start":{"line":17,"column":4},"end":{"line":17,"column":null}},{"start":{},"end":{}}],"line":17}},"s":{"0":9,"1":0,"2":9,"3":10,"4":10,"5":1,"6":9,"7":9,"8":9,"9":13,"10":9},"f":{"0":9,"1":10},"b":{"0":[0,9],"1":[9,9],"2":[1,9]},"meta":{"lastBranch":3,"lastFunction":2,"lastStatement":11,"seen":{"f:11:16:11:25":0,"b:12:2:14:Infinity:undefined:undefined:undefined:undefined":0,"s:12:2:14:Infinity":0,"b:12:6:12:13:12:17:12:54":1,"s:13:4:13:Infinity":1,"s:15:2:24:Infinity":2,"f:15:9:15:14":1,"s:16:19:16:48":3,"b:17:4:17:Infinity:undefined:undefined:undefined:undefined":2,"s:17:4:17:Infinity":4,"s:17:22:17:Infinity":5,"s:18:16:18:54":6,"s:19:16:19:18":7,"s:20:4:22:Infinity":8,"s:21:6:21:Infinity":9,"s:23:4:23:Infinity":10}}},"/Users/evandro/Programação/JS/FormaJS/packages/bind/src/mantine.js":{"path":"/Users/evandro/Programação/JS/FormaJS/packages/bind/src/mantine.js","statementMap":{"0":{"start":{"line":11,"column":2},"end":{"line":13,"column":null}},"1":{"start":{"line":12,"column":4},"end":{"line":12,"column":null}},"2":{"start":{"line":14,"column":2},"end":{"line":18,"column":null}},"3":{"start":{"line":15,"column":19},"end":{"line":15,"column":48}},"4":{"start":{"line":16,"column":4},"end":{"line":16,"column":null}},"5":{"start":{"line":16,"column":22},"end":{"line":16,"column":null}},"6":{"start":{"line":17,"column":4},"end":{"line":17,"column":null}}},"fnMap":{"0":{"name":"mantineBinder","decl":{"start":{"line":10,"column":16},"end":{"line":10,"column":29}},"loc":{"start":{"line":10,"column":38},"end":{"line":19,"column":null}},"line":10},"1":{"name":"(anonymous_1)","decl":{"start":{"line":14,"column":9},"end":{"line":14,"column":14}},"loc":{"start":{"line":14,"column":27},"end":{"line":18,"column":3}},"line":14}},"branchMap":{"0":{"loc":{"start":{"line":11,"column":2},"end":{"line":13,"column":null}},"type":"if","locations":[{"start":{"line":11,"column":2},"end":{"line":13,"column":null}},{"start":{},"end":{}}],"line":11},"1":{"loc":{"start":{"line":11,"column":6},"end":{"line":11,"column":54}},"type":"binary-expr","locations":[{"start":{"line":11,"column":6},"end":{"line":11,"column":13}},{"start":{"line":11,"column":17},"end":{"line":11,"column":54}}],"line":11},"2":{"loc":{"start":{"line":16,"column":4},"end":{"line":16,"column":null}},"type":"if","locations":[{"start":{"line":16,"column":4},"end":{"line":16,"column":null}},{"start":{},"end":{}}],"line":16}},"s":{"0":10,"1":0,"2":10,"3":11,"4":11,"5":1,"6":10},"f":{"0":10,"1":11},"b":{"0":[0,10],"1":[10,10],"2":[1,10]},"meta":{"lastBranch":3,"lastFunction":2,"lastStatement":7,"seen":{"f:10:16:10:29":0,"b:11:2:13:Infinity:undefined:undefined:undefined:undefined":0,"s:11:2:13:Infinity":0,"b:11:6:11:13:11:17:11:54":1,"s:12:4:12:Infinity":1,"s:14:2:18:Infinity":2,"f:14:9:14:14":1,"s:15:19:15:48":3,"b:16:4:16:Infinity:undefined:undefined:undefined:undefined":2,"s:16:4:16:Infinity":4,"s:16:22:16:Infinity":5,"s:17:4:17:Infinity":6}}},"/Users/evandro/Programação/JS/FormaJS/packages/bind/src/tanstack.js":{"path":"/Users/evandro/Programação/JS/FormaJS/packages/bind/src/tanstack.js","statementMap":{"0":{"start":{"line":12,"column":2},"end":{"line":14,"column":null}},"1":{"start":{"line":13,"column":4},"end":{"line":13,"column":null}},"2":{"start":{"line":15,"column":2},"end":{"line":22,"column":null}},"3":{"start":{"line":16,"column":19},"end":{"line":16,"column":48}},"4":{"start":{"line":17,"column":4},"end":{"line":17,"column":null}},"5":{"start":{"line":17,"column":22},"end":{"line":17,"column":null}},"6":{"start":{"line":18,"column":16},"end":{"line":18,"column":54}},"7":{"start":{"line":19,"column":16},"end":{"line":19,"column":18}},"8":{"start":{"line":20,"column":4},"end":{"line":20,"column":null}},"9":{"start":{"line":20,"column":26},"end":{"line":20,"column":null}},"10":{"start":{"line":21,"column":4},"end":{"line":21,"column":null}}},"fnMap":{"0":{"name":"tanstackBinder","decl":{"start":{"line":11,"column":16},"end":{"line":11,"column":30}},"loc":{"start":{"line":11,"column":39},"end":{"line":23,"column":null}},"line":11},"1":{"name":"(anonymous_1)","decl":{"start":{"line":15,"column":9},"end":{"line":15,"column":14}},"loc":{"start":{"line":15,"column":27},"end":{"line":22,"column":3}},"line":15}},"branchMap":{"0":{"loc":{"start":{"line":12,"column":2},"end":{"line":14,"column":null}},"type":"if","locations":[{"start":{"line":12,"column":2},"end":{"line":14,"column":null}},{"start":{},"end":{}}],"line":12},"1":{"loc":{"start":{"line":12,"column":6},"end":{"line":12,"column":54}},"type":"binary-expr","locations":[{"start":{"line":12,"column":6},"end":{"line":12,"column":13}},{"start":{"line":12,"column":17},"end":{"line":12,"column":54}}],"line":12},"2":{"loc":{"start":{"line":17,"column":4},"end":{"line":17,"column":null}},"type":"if","locations":[{"start":{"line":17,"column":4},"end":{"line":17,"column":null}},{"start":{},"end":{}}],"line":17}},"s":{"0":9,"1":0,"2":9,"3":10,"4":10,"5":1,"6":9,"7":9,"8":9,"9":11,"10":9},"f":{"0":9,"1":10},"b":{"0":[0,9],"1":[9,9],"2":[1,9]},"meta":{"lastBranch":3,"lastFunction":2,"lastStatement":11,"seen":{"f:11:16:11:30":0,"b:12:2:14:Infinity:undefined:undefined:undefined:undefined":0,"s:12:2:14:Infinity":0,"b:12:6:12:13:12:17:12:54":1,"s:13:4:13:Infinity":1,"s:15:2:22:Infinity":2,"f:15:9:15:14":1,"s:16:19:16:48":3,"b:17:4:17:Infinity:undefined:undefined:undefined:undefined":2,"s:17:4:17:Infinity":4,"s:17:22:17:Infinity":5,"s:18:16:18:54":6,"s:19:16:19:18":7,"s:20:4:20:Infinity":8,"s:20:26:20:Infinity":9,"s:21:4:21:Infinity":10}}},"/Users/evandro/Programação/JS/FormaJS/packages/bind/src/utils.js":{"path":"/Users/evandro/Programação/JS/FormaJS/packages/bind/src/utils.js","statementMap":{"0":{"start":{"line":13,"column":14},"end":{"line":13,"column":16}},"1":{"start":{"line":14,"column":2},"end":{"line":14,"column":null}},"2":{"start":{"line":14,"column":19},"end":{"line":14,"column":null}},"3":{"start":{"line":16,"column":15},"end":{"line":92,"column":3}},"4":{"start":{"line":17,"column":4},"end":{"line":17,"column":null}},"5":{"start":{"line":17,"column":15},"end":{"line":17,"column":null}},"6":{"start":{"line":19,"column":4},"end":{"line":83,"column":null}},"7":{"start":{"line":20,"column":6},"end":{"line":38,"column":null}},"8":{"start":{"line":22,"column":8},"end":{"line":36,"column":null}},"9":{"start":{"line":23,"column":24},"end":{"line":23,"column":34}},"10":{"start":{"line":24,"column":10},"end":{"line":35,"column":null}},"11":{"start":{"line":25,"column":27},"end":{"line":25,"column":37}},"12":{"start":{"line":26,"column":12},"end":{"line":34,"column":null}},"13":{"start":{"line":27,"column":27},"end":{"line":27,"column":64}},"14":{"start":{"line":28,"column":14},"end":{"line":28,"column":null}},"15":{"start":{"line":29,"column":19},"end":{"line":34,"column":null}},"16":{"start":{"line":31,"column":14},"end":{"line":31,"column":null}},"17":{"start":{"line":32,"column":19},"end":{"line":34,"column":null}},"18":{"start":{"line":33,"column":14},"end":{"line":33,"column":null}},"19":{"start":{"line":37,"column":8},"end":{"line":37,"column":null}},"20":{"start":{"line":40,"column":6},"end":{"line":44,"column":null}},"21":{"start":{"line":41,"column":22},"end":{"line":41,"column":29}},"22":{"start":{"line":42,"column":8},"end":{"line":42,"column":null}},"23":{"start":{"line":43,"column":8},"end":{"line":43,"column":null}},"24":{"start":{"line":46,"column":6},"end":{"line":49,"column":null}},"25":{"start":{"line":47,"column":8},"end":{"line":47,"column":32}},"26":{"start":{"line":48,"column":8},"end":{"line":48,"column":null}},"27":{"start":{"line":53,"column":6},"end":{"line":64,"column":null}},"28":{"start":{"line":53,"column":19},"end":{"line":53,"column":20}},"29":{"start":{"line":54,"column":21},"end":{"line":54,"column":28}},"30":{"start":{"line":55,"column":8},"end":{"line":63,"column":null}},"31":{"start":{"line":56,"column":23},"end":{"line":56,"column":64}},"32":{"start":{"line":57,"column":10},"end":{"line":57,"column":null}},"33":{"start":{"line":59,"column":13},"end":{"line":63,"column":null}},"34":{"start":{"line":61,"column":29},"end":{"line":61,"column":70}},"35":{"start":{"line":62,"column":10},"end":{"line":62,"column":null}},"36":{"start":{"line":66,"column":6},"end":{"line":81,"column":null}},"37":{"start":{"line":67,"column":22},"end":{"line":67,"column":32}},"38":{"start":{"line":68,"column":8},"end":{"line":80,"column":null}},"39":{"start":{"line":69,"column":25},"end":{"line":69,"column":35}},"40":{"start":{"line":70,"column":10},"end":{"line":79,"column":null}},"41":{"start":{"line":71,"column":25},"end":{"line":71,"column":62}},"42":{"start":{"line":72,"column":12},"end":{"line":72,"column":null}},"43":{"start":{"line":73,"column":17},"end":{"line":79,"column":null}},"44":{"start":{"line":75,"column":12},"end":{"line":75,"column":null}},"45":{"start":{"line":76,"column":17},"end":{"line":79,"column":null}},"46":{"start":{"line":78,"column":12},"end":{"line":78,"column":null}},"47":{"start":{"line":82,"column":6},"end":{"line":82,"column":null}},"48":{"start":{"line":85,"column":4},"end":{"line":91,"column":null}},"49":{"start":{"line":86,"column":6},"end":{"line":90,"column":null}},"50":{"start":{"line":87,"column":22},"end":{"line":87,"column":31}},"51":{"start":{"line":88,"column":21},"end":{"line":88,"column":58}},"52":{"start":{"line":89,"column":8},"end":{"line":89,"column":null}},"53":{"start":{"line":94,"column":2},"end":{"line":94,"column":null}},"54":{"start":{"line":95,"column":2},"end":{"line":95,"column":null}},"55":{"start":{"line":106,"column":2},"end":{"line":106,"column":null}},"56":{"start":{"line":106,"column":19},"end":{"line":106,"column":null}},"57":{"start":{"line":107,"column":18},"end":{"line":152,"column":3}},"58":{"start":{"line":108,"column":4},"end":{"line":108,"column":null}},"59":{"start":{"line":108,"column":15},"end":{"line":108,"column":null}},"60":{"start":{"line":109,"column":4},"end":{"line":142,"column":null}},"61":{"start":{"line":110,"column":6},"end":{"line":120,"column":null}},"62":{"start":{"line":111,"column":8},"end":{"line":118,"column":null}},"63":{"start":{"line":112,"column":27},"end":{"line":112,"column":29}},"64":{"start":{"line":113,"column":10},"end":{"line":116,"column":null}},"65":{"start":{"line":114,"column":24},"end":{"line":114,"column":46}},"66":{"start":{"line":115,"column":12},"end":{"line":115,"column":null}},"67":{"start":{"line":115,"column":29},"end":{"line":115,"column":null}},"68":{"start":{"line":117,"column":10},"end":{"line":117,"column":null}},"69":{"start":{"line":119,"column":8},"end":{"line":119,"column":null}},"70":{"start":{"line":121,"column":6},"end":{"line":123,"column":null}},"71":{"start":{"line":122,"column":8},"end":{"line":122,"column":31}},"72":{"start":{"line":125,"column":6},"end":{"line":127,"column":null}},"73":{"start":{"line":126,"column":8},"end":{"line":126,"column":null}},"74":{"start":{"line":129,"column":27},"end":{"line":129,"column":83}},"75":{"start":{"line":129,"column":46},"end":{"line":129,"column":60}},"76":{"start":{"line":129,"column":73},"end":{"line":129,"column":82}},"77":{"start":{"line":130,"column":21},"end":{"line":130,"column":70}},"78":{"start":{"line":131,"column":6},"end":{"line":140,"column":null}},"79":{"start":{"line":132,"column":25},"end":{"line":132,"column":27}},"80":{"start":{"line":133,"column":8},"end":{"line":136,"column":null}},"81":{"start":{"line":134,"column":22},"end":{"line":134,"column":44}},"82":{"start":{"line":135,"column":10},"end":{"line":135,"column":null}},"83":{"start":{"line":135,"column":27},"end":{"line":135,"column":null}},"84":{"start":{"line":137,"column":8},"end":{"line":139,"column":null}},"85":{"start":{"line":138,"column":10},"end":{"line":138,"column":26}},"86":{"start":{"line":141,"column":6},"end":{"line":141,"column":null}},"87":{"start":{"line":143,"column":4},"end":{"line":150,"column":null}},"88":{"start":{"line":144,"column":18},"end":{"line":144,"column":20}},"89":{"start":{"line":145,"column":6},"end":{"line":148,"column":null}},"90":{"start":{"line":146,"column":20},"end":{"line":146,"column":36}},"91":{"start":{"line":147,"column":8},"end":{"line":147,"column":null}},"92":{"start":{"line":147,"column":25},"end":{"line":147,"column":null}},"93":{"start":{"line":149,"column":6},"end":{"line":149,"column":null}},"94":{"start":{"line":151,"column":4},"end":{"line":151,"column":null}},"95":{"start":{"line":153,"column":2},"end":{"line":153,"column":null}},"96":{"start":{"line":161,"column":4},"end":{"line":161,"column":null}},"97":{"start":{"line":162,"column":4},"end":{"line":162,"column":null}},"98":{"start":{"line":163,"column":4},"end":{"line":163,"column":25}}},"fnMap":{"0":{"name":"flattenMoldErrorsToRHF","decl":{"start":{"line":12,"column":16},"end":{"line":12,"column":38}},"loc":{"start":{"line":12,"column":51},"end":{"line":96,"column":null}},"line":12},"1":{"name":"(anonymous_1)","decl":{"start":{"line":16,"column":15},"end":{"line":16,"column":16}},"loc":{"start":{"line":16,"column":35},"end":{"line":92,"column":3}},"line":16},"2":{"name":"(anonymous_2)","decl":{"start":{"line":24,"column":37},"end":{"line":24,"column":38}},"loc":{"start":{"line":24,"column":46},"end":{"line":35,"column":11}},"line":24},"3":{"name":"(anonymous_3)","decl":{"start":{"line":68,"column":35},"end":{"line":68,"column":36}},"loc":{"start":{"line":68,"column":44},"end":{"line":80,"column":9}},"line":68},"4":{"name":"(anonymous_4)","decl":{"start":{"line":86,"column":32},"end":{"line":86,"column":33}},"loc":{"start":{"line":86,"column":41},"end":{"line":90,"column":7}},"line":86},"5":{"name":"transformMoldErrorsToFormik","decl":{"start":{"line":105,"column":16},"end":{"line":105,"column":43}},"loc":{"start":{"line":105,"column":56},"end":{"line":154,"column":null}},"line":105},"6":{"name":"(anonymous_6)","decl":{"start":{"line":107,"column":18},"end":{"line":107,"column":19}},"loc":{"start":{"line":107,"column":28},"end":{"line":152,"column":3}},"line":107},"7":{"name":"(anonymous_7)","decl":{"start":{"line":113,"column":42},"end":{"line":113,"column":43}},"loc":{"start":{"line":113,"column":49},"end":{"line":116,"column":11}},"line":113},"8":{"name":"(anonymous_8)","decl":{"start":{"line":129,"column":39},"end":{"line":129,"column":40}},"loc":{"start":{"line":129,"column":46},"end":{"line":129,"column":60}},"line":129},"9":{"name":"(anonymous_9)","decl":{"start":{"line":129,"column":66},"end":{"line":129,"column":67}},"loc":{"start":{"line":129,"column":73},"end":{"line":129,"column":82}},"line":129},"10":{"name":"(anonymous_10)","decl":{"start":{"line":133,"column":40},"end":{"line":133,"column":41}},"loc":{"start":{"line":133,"column":47},"end":{"line":136,"column":9}},"line":133},"11":{"name":"(anonymous_11)","decl":{"start":{"line":145,"column":32},"end":{"line":145,"column":33}},"loc":{"start":{"line":145,"column":39},"end":{"line":148,"column":7}},"line":145},"12":{"name":"(anonymous_12)","decl":{"start":{"line":160,"column":2},"end":{"line":160,"column":13}},"loc":{"start":{"line":160,"column":22},"end":{"line":164,"column":null}},"line":160}},"branchMap":{"0":{"loc":{"start":{"line":14,"column":2},"end":{"line":14,"column":null}},"type":"if","locations":[{"start":{"line":14,"column":2},"end":{"line":14,"column":null}},{"start":{},"end":{}}],"line":14},"1":{"loc":{"start":{"line":17,"column":4},"end":{"line":17,"column":null}},"type":"if","locations":[{"start":{"line":17,"column":4},"end":{"line":17,"column":null}},{"start":{},"end":{}}],"line":17},"2":{"loc":{"start":{"line":19,"column":4},"end":{"line":83,"column":null}},"type":"if","locations":[{"start":{"line":19,"column":4},"end":{"line":83,"column":null}},{"start":{},"end":{}}],"line":19},"3":{"loc":{"start":{"line":20,"column":6},"end":{"line":38,"column":null}},"type":"if","locations":[{"start":{"line":20,"column":6},"end":{"line":38,"column":null}},{"start":{},"end":{}}],"line":20},"4":{"loc":{"start":{"line":22,"column":8},"end":{"line":36,"column":null}},"type":"if","locations":[{"start":{"line":22,"column":8},"end":{"line":36,"column":null}},{"start":{},"end":{}}],"line":22},"5":{"loc":{"start":{"line":26,"column":12},"end":{"line":34,"column":null}},"type":"if","locations":[{"start":{"line":26,"column":12},"end":{"line":34,"column":null}},{"start":{"line":29,"column":19},"end":{"line":34,"column":null}}],"line":26},"6":{"loc":{"start":{"line":26,"column":16},"end":{"line":26,"column":68}},"type":"binary-expr","locations":[{"start":{"line":26,"column":16},"end":{"line":26,"column":37}},{"start":{"line":26,"column":41},"end":{"line":26,"column":50}},{"start":{"line":26,"column":54},"end":{"line":26,"column":68}}],"line":26},"7":{"loc":{"start":{"line":27,"column":27},"end":{"line":27,"column":64}},"type":"cond-expr","locations":[{"start":{"line":27,"column":38},"end":{"line":27,"column":58}},{"start":{"line":27,"column":61},"end":{"line":27,"column":64}}],"line":27},"8":{"loc":{"start":{"line":29,"column":19},"end":{"line":34,"column":null}},"type":"if","locations":[{"start":{"line":29,"column":19},"end":{"line":34,"column":null}},{"start":{"line":32,"column":19},"end":{"line":34,"column":null}}],"line":29},"9":{"loc":{"start":{"line":29,"column":23},"end":{"line":29,"column":132}},"type":"binary-expr","locations":[{"start":{"line":29,"column":23},"end":{"line":29,"column":44}},{"start":{"line":29,"column":48},"end":{"line":29,"column":67}},{"start":{"line":29,"column":71},"end":{"line":29,"column":80}},{"start":{"line":29,"column":84},"end":{"line":29,"column":113}},{"start":{"line":29,"column":117},"end":{"line":29,"column":132}}],"line":29},"10":{"loc":{"start":{"line":31,"column":30},"end":{"line":31,"column":67}},"type":"cond-expr","locations":[{"start":{"line":31,"column":41},"end":{"line":31,"column":61}},{"start":{"line":31,"column":64},"end":{"line":31,"column":67}}],"line":31},"11":{"loc":{"start":{"line":32,"column":19},"end":{"line":34,"column":null}},"type":"if","locations":[{"start":{"line":32,"column":19},"end":{"line":34,"column":null}},{"start":{},"end":{}}],"line":32},"12":{"loc":{"start":{"line":32,"column":23},"end":{"line":32,"column":59}},"type":"binary-expr","locations":[{"start":{"line":32,"column":23},"end":{"line":32,"column":29}},{"start":{"line":32,"column":33},"end":{"line":32,"column":59}}],"line":32},"13":{"loc":{"start":{"line":33,"column":27},"end":{"line":33,"column":64}},"type":"cond-expr","locations":[{"start":{"line":33,"column":38},"end":{"line":33,"column":58}},{"start":{"line":33,"column":61},"end":{"line":33,"column":64}}],"line":33},"14":{"loc":{"start":{"line":40,"column":6},"end":{"line":44,"column":null}},"type":"if","locations":[{"start":{"line":40,"column":6},"end":{"line":44,"column":null}},{"start":{},"end":{}}],"line":40},"15":{"loc":{"start":{"line":40,"column":10},"end":{"line":40,"column":52}},"type":"binary-expr","locations":[{"start":{"line":40,"column":10},"end":{"line":40,"column":17}},{"start":{"line":40,"column":21},"end":{"line":40,"column":33}},{"start":{"line":40,"column":37},"end":{"line":40,"column":52}}],"line":40},"16":{"loc":{"start":{"line":46,"column":6},"end":{"line":49,"column":null}},"type":"if","locations":[{"start":{"line":46,"column":6},"end":{"line":49,"column":null}},{"start":{},"end":{}}],"line":46},"17":{"loc":{"start":{"line":46,"column":10},"end":{"line":46,"column":86}},"type":"binary-expr","locations":[{"start":{"line":46,"column":10},"end":{"line":46,"column":27}},{"start":{"line":46,"column":31},"end":{"line":46,"column":38}},{"start":{"line":46,"column":42},"end":{"line":46,"column":69}},{"start":{"line":46,"column":73},"end":{"line":46,"column":86}}],"line":46},"18":{"loc":{"start":{"line":55,"column":8},"end":{"line":63,"column":null}},"type":"if","locations":[{"start":{"line":55,"column":8},"end":{"line":63,"column":null}},{"start":{"line":59,"column":13},"end":{"line":63,"column":null}}],"line":55},"19":{"loc":{"start":{"line":55,"column":12},"end":{"line":55,"column":45}},"type":"binary-expr","locations":[{"start":{"line":55,"column":12},"end":{"line":55,"column":16}},{"start":{"line":55,"column":20},"end":{"line":55,"column":29}},{"start":{"line":55,"column":33},"end":{"line":55,"column":45}}],"line":55},"20":{"loc":{"start":{"line":56,"column":23},"end":{"line":56,"column":64}},"type":"cond-expr","locations":[{"start":{"line":56,"column":34},"end":{"line":56,"column":52}},{"start":{"line":56,"column":55},"end":{"line":56,"column":64}}],"line":56},"21":{"loc":{"start":{"line":59,"column":13},"end":{"line":63,"column":null}},"type":"if","locations":[{"start":{"line":59,"column":13},"end":{"line":63,"column":null}},{"start":{},"end":{}}],"line":59},"22":{"loc":{"start":{"line":59,"column":17},"end":{"line":59,"column":87}},"type":"binary-expr","locations":[{"start":{"line":59,"column":17},"end":{"line":59,"column":21}},{"start":{"line":59,"column":25},"end":{"line":59,"column":49}},{"start":{"line":59,"column":53},"end":{"line":59,"column":73}},{"start":{"line":59,"column":77},"end":{"line":59,"column":87}}],"line":59},"23":{"loc":{"start":{"line":61,"column":29},"end":{"line":61,"column":70}},"type":"cond-expr","locations":[{"start":{"line":61,"column":40},"end":{"line":61,"column":58}},{"start":{"line":61,"column":61},"end":{"line":61,"column":70}}],"line":61},"24":{"loc":{"start":{"line":66,"column":6},"end":{"line":81,"column":null}},"type":"if","locations":[{"start":{"line":66,"column":6},"end":{"line":81,"column":null}},{"start":{},"end":{}}],"line":66},"25":{"loc":{"start":{"line":70,"column":10},"end":{"line":79,"column":null}},"type":"if","locations":[{"start":{"line":70,"column":10},"end":{"line":79,"column":null}},{"start":{"line":73,"column":17},"end":{"line":79,"column":null}}],"line":70},"26":{"loc":{"start":{"line":70,"column":14},"end":{"line":70,"column":66}},"type":"binary-expr","locations":[{"start":{"line":70,"column":14},"end":{"line":70,"column":35}},{"start":{"line":70,"column":39},"end":{"line":70,"column":48}},{"start":{"line":70,"column":52},"end":{"line":70,"column":66}}],"line":70},"27":{"loc":{"start":{"line":71,"column":25},"end":{"line":71,"column":62}},"type":"cond-expr","locations":[{"start":{"line":71,"column":36},"end":{"line":71,"column":56}},{"start":{"line":71,"column":59},"end":{"line":71,"column":62}}],"line":71},"28":{"loc":{"start":{"line":73,"column":17},"end":{"line":79,"column":null}},"type":"if","locations":[{"start":{"line":73,"column":17},"end":{"line":79,"column":null}},{"start":{"line":76,"column":17},"end":{"line":79,"column":null}}],"line":73},"29":{"loc":{"start":{"line":73,"column":21},"end":{"line":73,"column":130}},"type":"binary-expr","locations":[{"start":{"line":73,"column":21},"end":{"line":73,"column":42}},{"start":{"line":73,"column":46},"end":{"line":73,"column":65}},{"start":{"line":73,"column":69},"end":{"line":73,"column":78}},{"start":{"line":73,"column":82},"end":{"line":73,"column":111}},{"start":{"line":73,"column":115},"end":{"line":73,"column":130}}],"line":73},"30":{"loc":{"start":{"line":75,"column":28},"end":{"line":75,"column":65}},"type":"cond-expr","locations":[{"start":{"line":75,"column":39},"end":{"line":75,"column":59}},{"start":{"line":75,"column":62},"end":{"line":75,"column":65}}],"line":75},"31":{"loc":{"start":{"line":76,"column":17},"end":{"line":79,"column":null}},"type":"if","locations":[{"start":{"line":76,"column":17},"end":{"line":79,"column":null}},{"start":{},"end":{}}],"line":76},"32":{"loc":{"start":{"line":76,"column":21},"end":{"line":76,"column":57}},"type":"binary-expr","locations":[{"start":{"line":76,"column":21},"end":{"line":76,"column":27}},{"start":{"line":76,"column":31},"end":{"line":76,"column":57}}],"line":76},"33":{"loc":{"start":{"line":78,"column":25},"end":{"line":78,"column":62}},"type":"cond-expr","locations":[{"start":{"line":78,"column":36},"end":{"line":78,"column":56}},{"start":{"line":78,"column":59},"end":{"line":78,"column":62}}],"line":78},"34":{"loc":{"start":{"line":85,"column":4},"end":{"line":91,"column":null}},"type":"if","locations":[{"start":{"line":85,"column":4},"end":{"line":91,"column":null}},{"start":{},"end":{}}],"line":85},"35":{"loc":{"start":{"line":88,"column":21},"end":{"line":88,"column":58}},"type":"cond-expr","locations":[{"start":{"line":88,"column":32},"end":{"line":88,"column":52}},{"start":{"line":88,"column":55},"end":{"line":88,"column":58}}],"line":88},"36":{"loc":{"start":{"line":106,"column":2},"end":{"line":106,"column":null}},"type":"if","locations":[{"start":{"line":106,"column":2},"end":{"line":106,"column":null}},{"start":{},"end":{}}],"line":106},"37":{"loc":{"start":{"line":108,"column":4},"end":{"line":108,"column":null}},"type":"if","locations":[{"start":{"line":108,"column":4},"end":{"line":108,"column":null}},{"start":{},"end":{}}],"line":108},"38":{"loc":{"start":{"line":109,"column":4},"end":{"line":142,"column":null}},"type":"if","locations":[{"start":{"line":109,"column":4},"end":{"line":142,"column":null}},{"start":{},"end":{}}],"line":109},"39":{"loc":{"start":{"line":110,"column":6},"end":{"line":120,"column":null}},"type":"if","locations":[{"start":{"line":110,"column":6},"end":{"line":120,"column":null}},{"start":{},"end":{}}],"line":110},"40":{"loc":{"start":{"line":111,"column":8},"end":{"line":118,"column":null}},"type":"if","locations":[{"start":{"line":111,"column":8},"end":{"line":118,"column":null}},{"start":{},"end":{}}],"line":111},"41":{"loc":{"start":{"line":115,"column":12},"end":{"line":115,"column":null}},"type":"if","locations":[{"start":{"line":115,"column":12},"end":{"line":115,"column":null}},{"start":{},"end":{}}],"line":115},"42":{"loc":{"start":{"line":117,"column":17},"end":{"line":117,"column":72}},"type":"cond-expr","locations":[{"start":{"line":117,"column":52},"end":{"line":117,"column":60}},{"start":{"line":117,"column":63},"end":{"line":117,"column":72}}],"line":117},"43":{"loc":{"start":{"line":121,"column":6},"end":{"line":123,"column":null}},"type":"if","locations":[{"start":{"line":121,"column":6},"end":{"line":123,"column":null}},{"start":{},"end":{}}],"line":121},"44":{"loc":{"start":{"line":121,"column":10},"end":{"line":121,"column":52}},"type":"binary-expr","locations":[{"start":{"line":121,"column":10},"end":{"line":121,"column":17}},{"start":{"line":121,"column":21},"end":{"line":121,"column":33}},{"start":{"line":121,"column":37},"end":{"line":121,"column":52}}],"line":121},"45":{"loc":{"start":{"line":125,"column":6},"end":{"line":127,"column":null}},"type":"if","locations":[{"start":{"line":125,"column":6},"end":{"line":127,"column":null}},{"start":{},"end":{}}],"line":125},"46":{"loc":{"start":{"line":125,"column":10},"end":{"line":125,"column":86}},"type":"binary-expr","locations":[{"start":{"line":125,"column":10},"end":{"line":125,"column":27}},{"start":{"line":125,"column":31},"end":{"line":125,"column":38}},{"start":{"line":125,"column":42},"end":{"line":125,"column":69}},{"start":{"line":125,"column":73},"end":{"line":125,"column":86}}],"line":125},"47":{"loc":{"start":{"line":129,"column":46},"end":{"line":129,"column":60}},"type":"binary-expr","locations":[{"start":{"line":129,"column":46},"end":{"line":129,"column":47}},{"start":{"line":129,"column":51},"end":{"line":129,"column":60}}],"line":129},"48":{"loc":{"start":{"line":130,"column":21},"end":{"line":130,"column":70}},"type":"cond-expr","locations":[{"start":{"line":130,"column":43},"end":{"line":130,"column":58}},{"start":{"line":130,"column":61},"end":{"line":130,"column":70}}],"line":130},"49":{"loc":{"start":{"line":131,"column":6},"end":{"line":140,"column":null}},"type":"if","locations":[{"start":{"line":131,"column":6},"end":{"line":140,"column":null}},{"start":{},"end":{}}],"line":131},"50":{"loc":{"start":{"line":135,"column":10},"end":{"line":135,"column":null}},"type":"if","locations":[{"start":{"line":135,"column":10},"end":{"line":135,"column":null}},{"start":{},"end":{}}],"line":135},"51":{"loc":{"start":{"line":137,"column":8},"end":{"line":139,"column":null}},"type":"if","locations":[{"start":{"line":137,"column":8},"end":{"line":139,"column":null}},{"start":{},"end":{}}],"line":137},"52":{"loc":{"start":{"line":143,"column":4},"end":{"line":150,"column":null}},"type":"if","locations":[{"start":{"line":143,"column":4},"end":{"line":150,"column":null}},{"start":{},"end":{}}],"line":143},"53":{"loc":{"start":{"line":147,"column":8},"end":{"line":147,"column":null}},"type":"if","locations":[{"start":{"line":147,"column":8},"end":{"line":147,"column":null}},{"start":{},"end":{}}],"line":147},"54":{"loc":{"start":{"line":153,"column":9},"end":{"line":153,"column":34}},"type":"binary-expr","locations":[{"start":{"line":153,"column":9},"end":{"line":153,"column":28}},{"start":{"line":153,"column":32},"end":{"line":153,"column":34}}],"line":153}},"s":{"0":47,"1":47,"2":2,"3":45,"4":163,"5":1,"6":162,"7":76,"8":11,"9":9,"10":9,"11":16,"12":16,"13":4,"14":4,"15":12,"16":0,"17":12,"18":5,"19":11,"20":65,"21":46,"22":46,"23":46,"24":19,"25":15,"26":15,"27":4,"28":4,"29":9,"30":9,"31":3,"32":3,"33":6,"34":6,"35":6,"36":4,"37":0,"38":0,"39":0,"40":0,"41":0,"42":0,"43":0,"44":0,"45":0,"46":0,"47":4,"48":86,"49":82,"50":92,"51":92,"52":92,"53":45,"54":45,"55":52,"56":2,"57":50,"58":200,"59":11,"60":189,"61":100,"62":18,"63":14,"64":14,"65":25,"66":25,"67":16,"68":14,"69":4,"70":82,"71":63,"72":19,"73":19,"74":0,"75":0,"76":0,"77":0,"78":100,"79":0,"80":0,"81":0,"82":0,"83":0,"84":0,"85":0,"86":0,"87":89,"88":89,"89":89,"90":106,"91":106,"92":100,"93":89,"94":0,"95":50,"96":3,"97":3,"98":3},"f":{"0":47,"1":163,"2":16,"3":0,"4":92,"5":52,"6":200,"7":25,"8":0,"9":0,"10":0,"11":106,"12":3},"b":{"0":[2,45],"1":[1,162],"2":[76,86],"3":[11,65],"4":[9,2],"5":[4,12],"6":[16,4,4],"7":[4,0],"8":[0,12],"9":[12,0,0,0,0],"10":[0,0],"11":[5,7],"12":[12,5],"13":[5,0],"14":[46,19],"15":[65,65,46],"16":[15,4],"17":[19,15,15,15],"18":[3,6],"19":[9,9,3],"20":[3,0],"21":[6,0],"22":[6,6,6,6],"23":[6,0],"24":[0,4],"25":[0,0],"26":[0,0,0],"27":[0,0],"28":[0,0],"29":[0,0,0,0,0],"30":[0,0],"31":[0,0],"32":[0,0],"33":[0,0],"34":[82,4],"35":[49,43],"36":[2,50],"37":[11,189],"38":[100,89],"39":[18,82],"40":[14,4],"41":[16,9],"42":[14,0],"43":[63,19],"44":[82,82,63],"45":[19,0],"46":[19,19,19,19],"47":[0,0],"48":[0,0],"49":[0,100],"50":[0,0],"51":[0,0],"52":[89,0],"53":[100,6],"54":[50,0]},"meta":{"lastBranch":55,"lastFunction":13,"lastStatement":99,"seen":{"f:12:16:12:38":0,"s:13:14:13:16":0,"b:14:2:14:Infinity:undefined:undefined:undefined:undefined":0,"s:14:2:14:Infinity":1,"s:14:19:14:Infinity":2,"s:16:15:92:3":3,"f:16:15:16:16":1,"b:17:4:17:Infinity:undefined:undefined:undefined:undefined":1,"s:17:4:17:Infinity":4,"s:17:15:17:Infinity":5,"b:19:4:83:Infinity:undefined:undefined:undefined:undefined":2,"s:19:4:83:Infinity":6,"b:20:6:38:Infinity:undefined:undefined:undefined:undefined":3,"s:20:6:38:Infinity":7,"b:22:8:36:Infinity:undefined:undefined:undefined:undefined":4,"s:22:8:36:Infinity":8,"s:23:24:23:34":9,"s:24:10:35:Infinity":10,"f:24:37:24:38":2,"s:25:27:25:37":11,"b:26:12:34:Infinity:29:19:34:Infinity":5,"s:26:12:34:Infinity":12,"b:26:16:26:37:26:41:26:50:26:54:26:68":6,"s:27:27:27:64":13,"b:27:38:27:58:27:61:27:64":7,"s:28:14:28:Infinity":14,"b:29:19:34:Infinity:32:19:34:Infinity":8,"s:29:19:34:Infinity":15,"b:29:23:29:44:29:48:29:67:29:71:29:80:29:84:29:113:29:117:29:132":9,"s:31:14:31:Infinity":16,"b:31:41:31:61:31:64:31:67":10,"b:32:19:34:Infinity:undefined:undefined:undefined:undefined":11,"s:32:19:34:Infinity":17,"b:32:23:32:29:32:33:32:59":12,"s:33:14:33:Infinity":18,"b:33:38:33:58:33:61:33:64":13,"s:37:8:37:Infinity":19,"b:40:6:44:Infinity:undefined:undefined:undefined:undefined":14,"s:40:6:44:Infinity":20,"b:40:10:40:17:40:21:40:33:40:37:40:52":15,"s:41:22:41:29":21,"s:42:8:42:Infinity":22,"s:43:8:43:Infinity":23,"b:46:6:49:Infinity:undefined:undefined:undefined:undefined":16,"s:46:6:49:Infinity":24,"b:46:10:46:27:46:31:46:38:46:42:46:69:46:73:46:86":17,"s:47:8:47:32":25,"s:48:8:48:Infinity":26,"s:53:6:64:Infinity":27,"s:53:19:53:20":28,"s:54:21:54:28":29,"b:55:8:63:Infinity:59:13:63:Infinity":18,"s:55:8:63:Infinity":30,"b:55:12:55:16:55:20:55:29:55:33:55:45":19,"s:56:23:56:64":31,"b:56:34:56:52:56:55:56:64":20,"s:57:10:57:Infinity":32,"b:59:13:63:Infinity:undefined:undefined:undefined:undefined":21,"s:59:13:63:Infinity":33,"b:59:17:59:21:59:25:59:49:59:53:59:73:59:77:59:87":22,"s:61:29:61:70":34,"b:61:40:61:58:61:61:61:70":23,"s:62:10:62:Infinity":35,"b:66:6:81:Infinity:undefined:undefined:undefined:undefined":24,"s:66:6:81:Infinity":36,"s:67:22:67:32":37,"s:68:8:80:Infinity":38,"f:68:35:68:36":3,"s:69:25:69:35":39,"b:70:10:79:Infinity:73:17:79:Infinity":25,"s:70:10:79:Infinity":40,"b:70:14:70:35:70:39:70:48:70:52:70:66":26,"s:71:25:71:62":41,"b:71:36:71:56:71:59:71:62":27,"s:72:12:72:Infinity":42,"b:73:17:79:Infinity:76:17:79:Infinity":28,"s:73:17:79:Infinity":43,"b:73:21:73:42:73:46:73:65:73:69:73:78:73:82:73:111:73:115:73:130":29,"s:75:12:75:Infinity":44,"b:75:39:75:59:75:62:75:65":30,"b:76:17:79:Infinity:undefined:undefined:undefined:undefined":31,"s:76:17:79:Infinity":45,"b:76:21:76:27:76:31:76:57":32,"s:78:12:78:Infinity":46,"b:78:36:78:56:78:59:78:62":33,"s:82:6:82:Infinity":47,"b:85:4:91:Infinity:undefined:undefined:undefined:undefined":34,"s:85:4:91:Infinity":48,"s:86:6:90:Infinity":49,"f:86:32:86:33":4,"s:87:22:87:31":50,"s:88:21:88:58":51,"b:88:32:88:52:88:55:88:58":35,"s:89:8:89:Infinity":52,"s:94:2:94:Infinity":53,"s:95:2:95:Infinity":54,"f:105:16:105:43":5,"b:106:2:106:Infinity:undefined:undefined:undefined:undefined":36,"s:106:2:106:Infinity":55,"s:106:19:106:Infinity":56,"s:107:18:152:3":57,"f:107:18:107:19":6,"b:108:4:108:Infinity:undefined:undefined:undefined:undefined":37,"s:108:4:108:Infinity":58,"s:108:15:108:Infinity":59,"b:109:4:142:Infinity:undefined:undefined:undefined:undefined":38,"s:109:4:142:Infinity":60,"b:110:6:120:Infinity:undefined:undefined:undefined:undefined":39,"s:110:6:120:Infinity":61,"b:111:8:118:Infinity:undefined:undefined:undefined:undefined":40,"s:111:8:118:Infinity":62,"s:112:27:112:29":63,"s:113:10:116:Infinity":64,"f:113:42:113:43":7,"s:114:24:114:46":65,"b:115:12:115:Infinity:undefined:undefined:undefined:undefined":41,"s:115:12:115:Infinity":66,"s:115:29:115:Infinity":67,"s:117:10:117:Infinity":68,"b:117:52:117:60:117:63:117:72":42,"s:119:8:119:Infinity":69,"b:121:6:123:Infinity:undefined:undefined:undefined:undefined":43,"s:121:6:123:Infinity":70,"b:121:10:121:17:121:21:121:33:121:37:121:52":44,"s:122:8:122:31":71,"b:125:6:127:Infinity:undefined:undefined:undefined:undefined":45,"s:125:6:127:Infinity":72,"b:125:10:125:27:125:31:125:38:125:42:125:69:125:73:125:86":46,"s:126:8:126:Infinity":73,"s:129:27:129:83":74,"f:129:39:129:40":8,"s:129:46:129:60":75,"b:129:46:129:47:129:51:129:60":47,"f:129:66:129:67":9,"s:129:73:129:82":76,"s:130:21:130:70":77,"b:130:43:130:58:130:61:130:70":48,"b:131:6:140:Infinity:undefined:undefined:undefined:undefined":49,"s:131:6:140:Infinity":78,"s:132:25:132:27":79,"s:133:8:136:Infinity":80,"f:133:40:133:41":10,"s:134:22:134:44":81,"b:135:10:135:Infinity:undefined:undefined:undefined:undefined":50,"s:135:10:135:Infinity":82,"s:135:27:135:Infinity":83,"b:137:8:139:Infinity:undefined:undefined:undefined:undefined":51,"s:137:8:139:Infinity":84,"s:138:10:138:26":85,"s:141:6:141:Infinity":86,"b:143:4:150:Infinity:undefined:undefined:undefined:undefined":52,"s:143:4:150:Infinity":87,"s:144:18:144:20":88,"s:145:6:148:Infinity":89,"f:145:32:145:33":11,"s:146:20:146:36":90,"b:147:8:147:Infinity:undefined:undefined:undefined:undefined":53,"s:147:8:147:Infinity":91,"s:147:25:147:Infinity":92,"s:149:6:149:Infinity":93,"s:151:4:151:Infinity":94,"s:153:2:153:Infinity":95,"b:153:9:153:28:153:32:153:34":54,"f:160:2:160:13":12,"s:161:4:161:Infinity":96,"s:162:4:162:Infinity":97,"s:163:4:163:25":98}}},"/Users/evandro/Programação/JS/FormaJS/packages/bind/src/index.js":{"path":"/Users/evandro/Programação/JS/FormaJS/packages/bind/src/index.js","statementMap":{},"fnMap":{},"branchMap":{},"s":{},"f":{},"b":{},"meta":{"lastBranch":0,"lastFunction":0,"lastStatement":0,"seen":{}}}}}